
=== Umber Cloud nightly scan: Thu Jul  2 19:08:40 EDT 2026 ===
Umber Cloud scan — 10 check(s), 12 finding(s), 1 failing

[PASS] UC-001 S3 public access: 0 issue(s) across 1 finding(s)
[PASS] UC-002 Security group open to internet: 0 issue(s) across 1 finding(s)
[PASS] UC-003 Root account MFA + access keys: 0 issue(s) across 2 finding(s)
[PASS] UC-004 IAM policy allows full admin: 0 issue(s) across 1 finding(s)
[PASS] UC-005 CloudTrail multi-region logging: 0 issue(s) across 1 finding(s)
[PASS] UC-006 Stale access keys: 0 issue(s) across 1 finding(s)
[FAIL] UC-007 EBS encryption: 1 issue(s) across 2 finding(s)
       - account EBS default: EBS encryption-by-default is disabled for this region
         Risk: Every new disk created in this region starts unencrypted unless someone remembers to tick a box. One forgotten disk with customer data on it is an audit exception and a breach-disclosure risk.
         Fix:  aws ec2 enable-ebs-encryption-by-default --region us-east-1
[PASS] UC-008 RDS public exposure: 0 issue(s) across 1 finding(s)
[PASS] UC-009 EC2 IMDSv1 allowed: 0 issue(s) across 1 finding(s)
[PASS] UC-010 Lambda over-privileged roles: 0 issue(s) across 1 finding(s)

Scan saved: /Users/jaylunhough/Projects/aws-security-auditor/scans/2026-07-02T230846.json

Summary: 1 failing / 12 total findings
Evidence exported from 2026-07-02T230846.json:
  CSV:      /Users/jaylunhough/Projects/aws-security-auditor/evidence/evidence-2026-07-02T230846.csv
  Markdown: /Users/jaylunhough/Projects/aws-security-auditor/evidence/evidence-2026-07-02T230846.md
=== done (scan exit code: 1; 0=clean, 1=findings, 2=creds error) ===
